<?xml version="1.0" encoding="utf-8"?><testsuites name="pytest tests"><testsuite name="pytest" errors="0" failures="1" skipped="0" tests="18" time="11.908" timestamp="2026-03-12T00:35:52.476121+00:00" hostname="agent-env-e82d470b-4a44-453f-86f0-4a1e26c7b319"><testcase classname="backend.tests.test_admin_api.TestAdminAuth" name="test_admin_login_returns_token" time="0.224" /><testcase classname="backend.tests.test_admin_api.TestAdminAuth" name="test_admin_registration_already_exists" time="0.122" /><testcase classname="backend.tests.test_admin_api.TestAdminStatsEndpoint" name="test_admin_stats_returns_total_users" time="0.278" /><testcase classname="backend.tests.test_admin_api.TestAdminStatsEndpoint" name="test_admin_stats_has_recent_users_without_password" time="0.131" /><testcase classname="backend.tests.test_admin_api.TestAdminStatsEndpoint" name="test_admin_stats_requires_auth" time="0.114" /><testcase classname="backend.tests.test_admin_api.TestAdminStatsEndpoint" name="test_admin_stats_requires_admin_role" time="0.246" /><testcase classname="backend.tests.test_admin_api.TestAdminUsersEndpoint" name="test_admin_users_returns_list" time="0.115" /><testcase classname="backend.tests.test_admin_api.TestAdminUsersEndpoint" name="test_admin_users_no_password_hash" time="0.120" /><testcase classname="backend.tests.test_admin_api.TestAdminUsersEndpoint" name="test_admin_users_pagination" time="0.126" /><testcase classname="backend.tests.test_admin_api.TestAdminSettingsEndpoint" name="test_admin_get_settings" time="0.126"><failure message="AssertionError: assert 'app_name' in {'announcement': 'Test announcement', 'key': 'global', 'maintenance_mode': False, 'updated_at': '2026-03-12T00:35:09.925492', ...}">backend/tests/test_admin_api.py:181: in test_admin_get_settings
    assert "app_name" in data
E   AssertionError: assert 'app_name' in {'announcement': 'Test announcement', 'key': 'global', 'maintenance_mode': False, 'updated_at': '2026-03-12T00:35:09.925492', ...}</failure></testcase><testcase classname="backend.tests.test_admin_api.TestAdminSettingsEndpoint" name="test_admin_update_settings" time="0.361" /><testcase classname="backend.tests.test_admin_api.TestAdminSettingsEndpoint" name="test_admin_settings_requires_admin" time="0.258" /><testcase classname="backend.tests.test_admin_api.TestAdminNotificationEndpoint" name="test_admin_send_notification" time="0.117" /><testcase classname="backend.tests.test_admin_api.TestBasicEndpoints" name="test_health_endpoint" time="0.113" /><testcase classname="backend.tests.test_admin_api.TestBasicEndpoints" name="test_prayer_times_endpoint" time="0.332" /><testcase classname="backend.tests.test_admin_api.TestBasicEndpoints" name="test_daily_hadith_endpoint" time="0.131" /><testcase classname="backend.tests.test_admin_api.TestBasicEndpoints" name="test_ai_daily_athkar_endpoint" time="8.121" /><testcase classname="backend.tests.test_admin_api.TestBasicEndpoints" name="test_ai_smart_reminder_endpoint" time="0.779" /></testsuite></testsuites>