<?xml version="1.0" encoding="utf-8"?><testsuites name="pytest tests"><testsuite name="pytest" errors="0" failures="0" skipped="0" tests="12" time="2.728" timestamp="2026-03-12T01:10:36.530989+00:00" hostname="agent-env-e82d470b-4a44-453f-86f0-4a1e26c7b319"><testcase classname="backend.tests.test_admin_v2_api.TestHealthAndAuth" name="test_health_endpoint" time="0.205" /><testcase classname="backend.tests.test_admin_v2_api.TestHealthAndAuth" name="test_admin_login_returns_token" time="0.139" /><testcase classname="backend.tests.test_admin_v2_api.TestAdminStats" name="test_admin_stats_no_password_hash" time="0.268" /><testcase classname="backend.tests.test_admin_v2_api.TestAdsManagement" name="test_get_ads_list" time="0.149" /><testcase classname="backend.tests.test_admin_v2_api.TestAdsManagement" name="test_create_and_delete_ad" time="0.482" /><testcase classname="backend.tests.test_admin_v2_api.TestAdsManagement" name="test_public_ads_endpoint" time="0.134" /><testcase classname="backend.tests.test_admin_v2_api.TestPagesManagement" name="test_get_pages_list" time="0.121" /><testcase classname="backend.tests.test_admin_v2_api.TestPagesManagement" name="test_create_and_delete_page" time="0.257" /><testcase classname="backend.tests.test_admin_v2_api.TestScheduledNotifications" name="test_get_scheduled_notifications" time="0.161" /><testcase classname="backend.tests.test_admin_v2_api.TestScheduledNotifications" name="test_create_and_delete_notification" time="0.248" /><testcase classname="backend.tests.test_admin_v2_api.TestAdminSettings" name="test_get_settings" time="0.106" /><testcase classname="backend.tests.test_admin_v2_api.TestAdminSettings" name="test_update_settings" time="0.392" /></testsuite></testsuites>