<?xml version="1.0" encoding="utf-8"?><testsuites name="pytest tests"><testsuite name="pytest" errors="0" failures="0" skipped="0" tests="15" time="3.302" timestamp="2026-03-12T01:46:56.220100+00:00" hostname="agent-env-f9f9f5a2-9d21-485f-a072-e70de248d351"><testcase classname="tests.test_p0_features.TestHealthAndStatus" name="test_health_endpoint" time="0.196" /><testcase classname="tests.test_p0_features.TestHealthAndStatus" name="test_root_endpoint" time="0.119" /><testcase classname="tests.test_p0_features.TestAuthEndpoints" name="test_login_with_admin_credentials" time="0.195" /><testcase classname="tests.test_p0_features.TestAuthEndpoints" name="test_login_with_invalid_credentials" time="0.165" /><testcase classname="tests.test_p0_features.TestAuthEndpoints" name="test_register_new_user" time="0.169" /><testcase classname="tests.test_p0_features.TestAuthEndpoints" name="test_register_duplicate_email" time="0.320" /><testcase classname="tests.test_p0_features.TestAuthEndpoints" name="test_auth_me_with_valid_token" time="0.264" /><testcase classname="tests.test_p0_features.TestAuthEndpoints" name="test_auth_me_without_token" time="0.102" /><testcase classname="tests.test_p0_features.TestAdminEndpoints" name="test_admin_stats_with_admin_token" time="0.316" /><testcase classname="tests.test_p0_features.TestAdminEndpoints" name="test_admin_stats_with_non_admin_token" time="0.266" /><testcase classname="tests.test_p0_features.TestAdminEndpoints" name="test_admin_stats_without_token" time="0.116" /><testcase classname="tests.test_p0_features.TestPrayerTimesAPI" name="test_prayer_times_with_valid_coords" time="0.395" /><testcase classname="tests.test_p0_features.TestPrayerTimesAPI" name="test_prayer_times_missing_params" time="0.118" /><testcase classname="tests.test_p0_features.TestHijriDateAPI" name="test_hijri_date_endpoint" time="0.337" /><testcase classname="tests.test_p0_features.TestDailyHadith" name="test_daily_hadith_endpoint" time="0.118" /></testsuite></testsuites>