<?xml version="1.0" encoding="utf-8"?><testsuites name="pytest tests"><testsuite name="pytest" errors="0" failures="0" skipped="0" tests="14" time="19.069" timestamp="2026-03-11T23:44:16.840596+00:00" hostname="agent-env-e82d470b-4a44-453f-86f0-4a1e26c7b319"><testcase classname="backend.tests.test_api.TestHealthEndpoint" name="test_health_endpoint_returns_healthy" time="0.652" /><testcase classname="backend.tests.test_api.TestPrayerTimesEndpoint" name="test_prayer_times_with_valid_location" time="0.390" /><testcase classname="backend.tests.test_api.TestPrayerTimesEndpoint" name="test_prayer_times_for_mecca" time="0.281" /><testcase classname="backend.tests.test_api.TestDailyHadithEndpoint" name="test_daily_hadith_returns_data" time="0.105" /><testcase classname="backend.tests.test_api.TestAIFeatures" name="test_smart_reminder_endpoint" time="2.093" /><testcase classname="backend.tests.test_api.TestAIFeatures" name="test_daily_athkar_endpoint" time="7.160" /><testcase classname="backend.tests.test_api.TestAIFeatures" name="test_evening_athkar" time="6.033" /><testcase classname="backend.tests.test_api.TestMosqueSearch" name="test_mosque_search_medina" time="0.701" /><testcase classname="backend.tests.test_api.TestAuthEndpoints" name="test_register_user" time="0.159" /><testcase classname="backend.tests.test_api.TestAuthEndpoints" name="test_login_user" time="0.301" /><testcase classname="backend.tests.test_api.TestAuthEndpoints" name="test_login_invalid_credentials" time="0.108" /><testcase classname="backend.tests.test_api.TestAuthEndpoints" name="test_duplicate_registration" time="0.288" /><testcase classname="backend.tests.test_api.TestQuranEndpoints" name="test_get_surah_fatiha" time="0.327" /><testcase classname="backend.tests.test_api.TestHijriDate" name="test_hijri_date" time="0.286" /></testsuite></testsuites>