<?xml version="1.0" encoding="utf-8"?><testsuites name="pytest tests"><testsuite name="pytest" errors="0" failures="1" skipped="0" tests="14" time="10.988" timestamp="2026-03-12T00:08:19.921594+00:00" hostname="agent-env-e82d470b-4a44-453f-86f0-4a1e26c7b319"><testcase classname="test_api.TestHealthEndpoint" name="test_health_endpoint_returns_healthy" time="0.204" /><testcase classname="test_api.TestPrayerTimesEndpoint" name="test_prayer_times_with_valid_location" time="0.341" /><testcase classname="test_api.TestPrayerTimesEndpoint" name="test_prayer_times_for_mecca" time="0.331" /><testcase classname="test_api.TestDailyHadithEndpoint" name="test_daily_hadith_returns_data" time="0.116" /><testcase classname="test_api.TestAIFeatures" name="test_smart_reminder_endpoint" time="0.518" /><testcase classname="test_api.TestAIFeatures" name="test_daily_athkar_endpoint" time="0.250"><failure message="AssertionError: Expected source=gemini but got static&#10;assert 'static' == 'gemini'&#10;  &#10;  - gemini&#10;  + static">test_api.py:133: in test_daily_athkar_endpoint
    assert data["source"] == "gemini", f"Expected source=gemini but got {data['source']}"
E   AssertionError: Expected source=gemini but got static
E   assert 'static' == 'gemini'
E     
E     - gemini
E     + static</failure></testcase><testcase classname="test_api.TestAIFeatures" name="test_evening_athkar" time="7.038" /><testcase classname="test_api.TestMosqueSearch" name="test_mosque_search_medina" time="0.663" /><testcase classname="test_api.TestAuthEndpoints" name="test_register_user" time="0.131" /><testcase classname="test_api.TestAuthEndpoints" name="test_login_user" time="0.270" /><testcase classname="test_api.TestAuthEndpoints" name="test_login_invalid_credentials" time="0.124" /><testcase classname="test_api.TestAuthEndpoints" name="test_duplicate_registration" time="0.286" /><testcase classname="test_api.TestQuranEndpoints" name="test_get_surah_fatiha" time="0.357" /><testcase classname="test_api.TestHijriDate" name="test_hijri_date" time="0.286" /></testsuite></testsuites>